0 info it worked if it ends with ok
1 verbose cli [ 'C:\\Program Files\\nodejs\\node.exe',
1 verbose cli   'C:\\Users\\luizh\\AppData\\Roaming\\npm\\node_modules\\npm\\bin\\npm-cli.js',
1 verbose cli   'start' ]
2 info using npm@3.8.9
3 info using node@v6.1.0
4 verbose run-script [ 'prestart', 'start', 'poststart' ]
5 info lifecycle alurapic@1.0.0~prestart: alurapic@1.0.0
6 silly lifecycle alurapic@1.0.0~prestart: no script for prestart, continuing
7 info lifecycle alurapic@1.0.0~start: alurapic@1.0.0
8 verbose lifecycle alurapic@1.0.0~start: unsafe-perm in lifecycle true
9 verbose lifecycle alurapic@1.0.0~start: PATH: C:\Users\luizh\AppData\Roaming\npm\node_modules\npm\bin\node-gyp-bin;E:\Luiz\projects\node\alurapic\node_modules\.bin;C:\Program Files\nodejs;C:\Program Files (x86)\Veryant\isCOBOL2015R1\bin;C:\ProgramData\Oracle\Java\javapath;C:\Program Files (x86)\Python 3.5\Scripts\;C:\Program Files (x86)\Python 3.5\;C:\WINDOWS\system32;C:\WINDOWS;C:\WINDOWS\System32\Wbem;C:\WINDOWS\System32\WindowsPowerShell\v1.0\;C:\Program Files (x86)\Microsoft SQL Server\100\Tools\Binn\;C:\Program Files\Microsoft SQL Server\100\Tools\Binn\;C:\Program Files\Microsoft SQL Server\100\DTS\Binn\;C:\Program Files (x86)\Microsoft SQL Server\100\Tools\Binn\VSShell\Common7\IDE\;C:\Program Files (x86)\Microsoft SQL Server\100\DTS\Binn\;C:\Program Files (x86)\Windows Kits\8.1\Windows Performance Toolkit\;C:\Program Files\Microsoft SQL Server\110\Tools\Binn\;C:\Program Files (x86)\Microsoft SDKs\TypeScript\1.0\;C:\Program Files\Microsoft SQL Server\120\Tools\Binn\;C:\Program Files (x86)\Skype\Phone\;C:\Program Files\Java\jdk1.8.0_65\bin;C:\Program Files (x86)\Heroku\bin;C:\Program Files (x86)\git\cmd;C:\Users\luizh\AppData\Local\Programs\Git\cmd;C:\Users\luizh\AppData\Local\Programs\Git\mingw32\bin;C:\Users\luizh\AppData\Local\Programs\Git\usr\bin;C:\Program Files\Microsoft SQL Server\Client SDK\ODBC\110\Tools\Binn\;C:\Program Files (x86)\Microsoft SQL Server\120\Tools\Binn\;C:\Program Files\Microsoft SQL Server\120\DTS\Binn\;C:\Program Files\nodejs\;C:\Program Files (x86)\Python 3.5;C:\Program Files (x86)\Python 3.5\Scripts\;C:\Program Files\OpenVPN\bin;C:\Users\luizh\AppData\Local\Programs\Git\mingw64\bin;C:\Users\luizh\AppData\Local\atom\bin;C:\Program Files (x86)\Microsoft VS Code\bin;.bin;C:\Users\luizh\AppData\Roaming\npm
10 verbose lifecycle alurapic@1.0.0~start: CWD: E:\Luiz\projects\node\alurapic
11 silly lifecycle alurapic@1.0.0~start: Args: [ '/d /s /c', 'node server.js' ]
12 silly lifecycle alurapic@1.0.0~start: Returned: code: 1  signal: null
13 info lifecycle alurapic@1.0.0~start: Failed to exec start script
14 verbose stack Error: alurapic@1.0.0 start: `node server.js`
14 verbose stack Exit status 1
14 verbose stack     at EventEmitter.<anonymous> (C:\Users\luizh\AppData\Roaming\npm\node_modules\npm\lib\utils\lifecycle.js:245:16)
14 verbose stack     at emitTwo (events.js:106:13)
14 verbose stack     at EventEmitter.emit (events.js:191:7)
14 verbose stack     at ChildProcess.<anonymous> (C:\Users\luizh\AppData\Roaming\npm\node_modules\npm\lib\utils\spawn.js:24:14)
14 verbose stack     at emitTwo (events.js:106:13)
14 verbose stack     at ChildProcess.emit (events.js:191:7)
14 verbose stack     at maybeClose (internal/child_process.js:850:16)
14 verbose stack     at Process.ChildProcess._handle.onexit (internal/child_process.js:215:5)
15 verbose pkgid alurapic@1.0.0
16 verbose cwd E:\Luiz\projects\node\alurapic
17 error Windows_NT 10.0.10586
18 error argv "C:\\Program Files\\nodejs\\node.exe" "C:\\Users\\luizh\\AppData\\Roaming\\npm\\node_modules\\npm\\bin\\npm-cli.js" "start"
19 error node v6.1.0
20 error npm  v3.8.9
21 error code ELIFECYCLE
22 error alurapic@1.0.0 start: `node server.js`
22 error Exit status 1
23 error Failed at the alurapic@1.0.0 start script 'node server.js'.
23 error Make sure you have the latest version of node.js and npm installed.
23 error If you do, this is most likely a problem with the alurapic package,
23 error not with npm itself.
23 error Tell the author that this fails on your system:
23 error     node server.js
23 error You can get information on how to open an issue for this project with:
23 error     npm bugs alurapic
23 error Or if that isn't available, you can get their info via:
23 error     npm owner ls alurapic
23 error There is likely additional logging output above.
24 verbose exit [ 1, true ]
